<?xml version="1.0" encoding="UTF-8"?>
<testsuite xmlns:xsi="http://www.w3.org/2001/XMLSchema-instance" xsi:noNamespaceSchemaLocation="https://maven.apache.org/surefire/maven-surefire-plugin/xsd/surefire-test-report-3.0.xsd" version="3.0" name="com.microservice.prices.springboot.config.PricesControllerIT" time="12.534" tests="5" errors="0" skipped="0" failures="0">
  <properties>
[...]
</properties>
  <testcase name="givenProduct35455_Brand1_Date20200616_2100_thenPrice38" classname="com.microservice.prices.springboot.config.PricesControllerIT" time="2.063">
    <system-out><![CDATA[12:58:42.026 [main] DEBUG org.springframework.test.context.BootstrapUtils - Instantiating CacheAwareContextLoaderDelegate from class [org.springframework.test.context.cache.DefaultCacheAwareContextLoaderDelegate]
12:58:42.039 [main] DEBUG org.springframework.test.context.BootstrapUtils - Instantiating BootstrapContext using constructor [public org.springframework.test.context.support.DefaultBootstrapContext(java.lang.Class,org.springframework.test.context.CacheAwareContextLoaderDelegate)]
12:58:42.084 [main] DEBUG org.springframework.test.context.BootstrapUtils - Instantiating TestContextBootstrapper for test class [com.microservice.prices.springboot.config.PricesControllerIT] from class [org.springframework.boot.test.context.SpringBootTestContextBootstrapper]
12:58:42.099 [main] INFO org.springframework.boot.test.context.SpringBootTestContextBootstrapper - Neither @ContextConfiguration nor @ContextHierarchy found for test class [com.microservice.prices.springboot.config.PricesControllerIT], using SpringBootContextLoader
12:58:42.105 [main] DEBUG org.springframework.test.context.support.AbstractContextLoader - Did not detect default resource location for test class [com.microservice.prices.springboot.config.PricesControllerIT]: class path resource [com/microservice/prices/springboot/config/PricesControllerIT-context.xml] does not exist
12:58:42.105 [main] DEBUG org.springframework.test.context.support.AbstractContextLoader - Did not detect default resource location for test class [com.microservice.prices.springboot.config.PricesControllerIT]: class path resource [com/microservice/prices/springboot/config/PricesControllerITContext.groovy] does not exist
12:58:42.105 [main] INFO org.springframework.test.context.support.AbstractContextLoader - Could not detect default resource locations for test class [com.microservice.prices.springboot.config.PricesControllerIT]: no resource found for suffixes {-context.xml, Context.groovy}.
12:58:42.106 [main] INFO org.springframework.test.context.support.AnnotationConfigContextLoaderUtils - Could not detect default configuration classes for test class [com.microservice.prices.springboot.config.PricesControllerIT]: PricesControllerIT does not declare any static, non-private, non-final, nested classes annotated with @Configuration.
12:58:42.169 [main] DEBUG org.springframework.test.context.support.ActiveProfilesUtils - Could not find an 'annotation declaring class' for annotation type [org.springframework.test.context.ActiveProfiles] and class [com.microservice.prices.springboot.config.PricesControllerIT]
12:58:42.286 [main] DEBUG org.springframework.context.annotation.ClassPathScanningCandidateComponentProvider - Identified candidate component class: file [C:\Users\6002721\Downloads\springboot-hexagonal\bootloader\target\classes\com\microservice\prices\springboot\config\SpringbootRestApplication.class]
12:58:42.287 [main] INFO org.springframework.boot.test.context.SpringBootTestContextBootstrapper - Found @SpringBootConfiguration com.microservice.prices.springboot.config.SpringbootRestApplication for test class com.microservice.prices.springboot.config.PricesControllerIT
12:58:42.450 [main] DEBUG org.springframework.boot.test.context.SpringBootTestContextBootstrapper - @TestExecutionListeners is not present for class [com.microservice.prices.springboot.config.PricesControllerIT]: using defaults.
12:58:42.451 [main] INFO org.springframework.boot.test.context.SpringBootTestContextBootstrapper - Loaded default TestExecutionListener class names from location [META-INF/spring.factories]: [org.springframework.boot.test.mock.mockito.MockitoTestExecutionListener, org.springframework.boot.test.mock.mockito.ResetMocksTestExecutionListener, org.springframework.boot.test.autoconfigure.restdocs.RestDocsTestExecutionListener, org.springframework.boot.test.autoconfigure.web.client.MockRestServiceServerResetTestExecutionListener, org.springframework.boot.test.autoconfigure.web.servlet.MockMvcPrintOnlyOnFailureTestExecutionListener, org.springframework.boot.test.autoconfigure.web.servlet.WebDriverTestExecutionListener, org.springframework.boot.test.autoconfigure.webservices.client.MockWebServiceServerTestExecutionListener, org.springframework.test.context.web.ServletTestExecutionListener, org.springframework.test.context.support.DirtiesContextBeforeModesTestExecutionListener, org.springframework.test.context.event.ApplicationEventsTestExecutionListener, org.springframework.test.context.support.DependencyInjectionTestExecutionListener, org.springframework.test.context.support.DirtiesContextTestExecutionListener, org.springframework.test.context.transaction.TransactionalTestExecutionListener, org.springframework.test.context.jdbc.SqlScriptsTestExecutionListener, org.springframework.test.context.event.EventPublishingTestExecutionListener]
12:58:42.482 [main] INFO org.springframework.boot.test.context.SpringBootTestContextBootstrapper - Using TestExecutionListeners: [org.springframework.test.context.web.ServletTestExecutionListener@77d67cf3, org.springframework.test.context.support.DirtiesContextBeforeModesTestExecutionListener@6dee4f1b, org.springframework.test.context.event.ApplicationEventsTestExecutionListener@176b3f44, org.springframework.boot.test.mock.mockito.MockitoTestExecutionListener@6ee6f53, org.springframework.boot.test.autoconfigure.SpringBootDependencyInjectionTestExecutionListener@421bba99, org.springframework.test.context.support.DirtiesContextTestExecutionListener@5d12a356, org.springframework.test.context.transaction.TransactionalTestExecutionListener@134d26af, org.springframework.test.context.jdbc.SqlScriptsTestExecutionListener@66ac5762, org.springframework.test.context.event.EventPublishingTestExecutionListener@797cf65c, org.springframework.boot.test.mock.mockito.ResetMocksTestExecutionListener@31bcf236, org.springframework.boot.test.autoconfigure.restdocs.RestDocsTestExecutionListener@4b3ed2f0, org.springframework.boot.test.autoconfigure.web.client.MockRestServiceServerResetTestExecutionListener@4fad9bb2, org.springframework.boot.test.autoconfigure.web.servlet.MockMvcPrintOnlyOnFailureTestExecutionListener@517d4a0d, org.springframework.boot.test.autoconfigure.web.servlet.WebDriverTestExecutionListener@7862f56, org.springframework.boot.test.autoconfigure.webservices.client.MockWebServiceServerTestExecutionListener@3a12c404]
12:58:42.489 [main] DEBUG org.springframework.test.context.support.AbstractDirtiesContextTestExecutionListener - Before test class: context [DefaultTestContext@331acdad testClass = PricesControllerIT, testInstance = [null], testMethod = [null], testException = [null], mergedContextConfiguration = [WebMergedContextConfiguration@41d426b5 testClass = PricesControllerIT, locations = '{}', classes = '{class com.microservice.prices.springboot.config.SpringbootRestApplication}', contextInitializerClasses = '[]', activeProfiles = '{}', propertySourceLocations = '{}', propertySourceProperties = '{org.springframework.boot.test.context.SpringBootTestContextBootstrapper=true, server.port=0}', contextCustomizers = set[org.springframework.boot.test.context.filter.ExcludeFilterContextCustomizer@1530c739, org.springframework.boot.test.json.DuplicateJsonObjectContextCustomizerFactory$DuplicateJsonObjectContextCustomizer@6e9175d8, org.springframework.boot.test.mock.mockito.MockitoContextCustomizer@0, org.springframework.boot.test.web.client.TestRestTemplateContextCustomizer@235ecd9f, org.springframework.boot.test.autoconfigure.actuate.metrics.MetricsExportContextCustomizerFactory$DisableMetricExportContextCustomizer@795509d9, org.springframework.boot.test.autoconfigure.properties.PropertyMappingContextCustomizer@0, org.springframework.boot.test.autoconfigure.web.servlet.WebDriverContextCustomizerFactory$Customizer@909217e, org.springframework.boot.test.context.SpringBootTestArgs@1, org.springframework.boot.test.context.SpringBootTestWebEnvironment@2f8f5f62], resourceBasePath = 'src/main/webapp', contextLoader = 'org.springframework.boot.test.context.SpringBootContextLoader', parent = [null]], attributes = map['org.springframework.test.context.web.ServletTestExecutionListener.activateListener' -> false]], class annotated with @DirtiesContext [false] with mode [null].
12:58:42.504 [main] DEBUG org.springframework.test.context.support.DependencyInjectionTestExecutionListener - Performing dependency injection for test context [[DefaultTestContext@331acdad testClass = PricesControllerIT, testInstance = com.microservice.prices.springboot.config.PricesControllerIT@4ce7fffa, testMethod = [null], testException = [null], mergedContextConfiguration = [WebMergedContextConfiguration@41d426b5 testClass = PricesControllerIT, locations = '{}', classes = '{class com.microservice.prices.springboot.config.SpringbootRestApplication}', contextInitializerClasses = '[]', activeProfiles = '{}', propertySourceLocations = '{}', propertySourceProperties = '{org.springframework.boot.test.context.SpringBootTestContextBootstrapper=true, server.port=0}', contextCustomizers = set[org.springframework.boot.test.context.filter.ExcludeFilterContextCustomizer@1530c739, org.springframework.boot.test.json.DuplicateJsonObjectContextCustomizerFactory$DuplicateJsonObjectContextCustomizer@6e9175d8, org.springframework.boot.test.mock.mockito.MockitoContextCustomizer@0, org.springframework.boot.test.web.client.TestRestTemplateContextCustomizer@235ecd9f, org.springframework.boot.test.autoconfigure.actuate.metrics.MetricsExportContextCustomizerFactory$DisableMetricExportContextCustomizer@795509d9, org.springframework.boot.test.autoconfigure.properties.PropertyMappingContextCustomizer@0, org.springframework.boot.test.autoconfigure.web.servlet.WebDriverContextCustomizerFactory$Customizer@909217e, org.springframework.boot.test.context.SpringBootTestArgs@1, org.springframework.boot.test.context.SpringBootTestWebEnvironment@2f8f5f62], resourceBasePath = 'src/main/webapp', contextLoader = 'org.springframework.boot.test.context.SpringBootContextLoader', parent = [null]], attributes = map['org.springframework.test.context.web.ServletTestExecutionListener.activateListener' -> false, 'org.springframework.test.context.event.ApplicationEventsTestExecutionListener.recordApplicationEvents' -> false]]].

  .   ____          _            __ _ _
 /\\ / ___'_ __ _ _(_)_ __  __ _ \ \ \ \
( ( )\___ | '_ | '_| | '_ \/ _` | \ \ \ \
 \\/  ___)| |_)| | | | | || (_| |  ) ) ) )
  '  |____| .__|_| |_|_| |_\__, | / / / /
 =========|_|==============|___/=/_/_/_/
 :: Spring Boot ::                (v2.6.3)

2023-11-30 12:58:42.972  INFO 15876 --- [           main] c.m.p.s.config.PricesControllerIT        : Starting PricesControllerIT using Java 17.0.7 on GM03ZYNY with PID 15876 (started by 6002721 in C:\Users\6002721\Downloads\springboot-hexagonal\bootloader)
2023-11-30 12:58:42.973 DEBUG 15876 --- [           main] c.m.p.s.config.PricesControllerIT        : Running with Spring Boot v2.6.3, Spring v5.3.15
2023-11-30 12:58:42.973  INFO 15876 --- [           main] c.m.p.s.config.PricesControllerIT        : No active profile set, falling back to default profiles: default
2023-11-30 12:58:43.846  INFO 15876 --- [           main] .s.d.r.c.RepositoryConfigurationDelegate : Bootstrapping Spring Data JPA repositories in DEFAULT mode.
2023-11-30 12:58:43.906  INFO 15876 --- [           main] .s.d.r.c.RepositoryConfigurationDelegate : Finished Spring Data repository scanning in 50 ms. Found 1 JPA repository interfaces.
2023-11-30 12:58:45.257  INFO 15876 --- [           main] o.s.b.w.embedded.tomcat.TomcatWebServer  : Tomcat initialized with port(s): 0 (http)
2023-11-30 12:58:45.272  INFO 15876 --- [           main] o.apache.catalina.core.StandardService   : Starting service [Tomcat]
2023-11-30 12:58:45.273  INFO 15876 --- [           main] org.apache.catalina.core.StandardEngine  : Starting Servlet engine: [Apache Tomcat/9.0.56]
2023-11-30 12:58:45.501  INFO 15876 --- [           main] o.a.c.c.C.[Tomcat].[localhost].[/]       : Initializing Spring embedded WebApplicationContext
2023-11-30 12:58:45.501  INFO 15876 --- [           main] w.s.c.ServletWebServerApplicationContext : Root WebApplicationContext: initialization completed in 2273 ms
2023-11-30 12:58:45.613  INFO 15876 --- [           main] com.zaxxer.hikari.HikariDataSource       : HikariPool-1 - Starting...
2023-11-30 12:58:46.135  INFO 15876 --- [           main] com.zaxxer.hikari.HikariDataSource       : HikariPool-1 - Start completed.
2023-11-30 12:58:46.152  INFO 15876 --- [           main] o.s.b.a.h2.H2ConsoleAutoConfiguration    : H2 console available at '/h2'. Database available at 'jdbc:h2:mem:testdb'
2023-11-30 12:58:46.792  INFO 15876 --- [           main] o.f.c.internal.license.VersionPrinter    : Flyway Community Edition 8.0.5 by Redgate
2023-11-30 12:58:46.793  INFO 15876 --- [           main] o.f.c.i.database.base.BaseDatabaseType   : Database: jdbc:h2:mem:testdb (H2 1.4)
2023-11-30 12:58:46.940  INFO 15876 --- [           main] o.f.core.internal.command.DbValidate     : Successfully validated 1 migration (execution time 00:00.030s)
2023-11-30 12:58:46.956  INFO 15876 --- [           main] o.f.c.i.s.JdbcTableSchemaHistory         : Creating Schema History table "PUBLIC"."flyway_schema_history" ...
2023-11-30 12:58:47.029  INFO 15876 --- [           main] o.f.core.internal.command.DbMigrate      : Current version of schema "PUBLIC": << Empty Schema >>
2023-11-30 12:58:47.041  INFO 15876 --- [           main] o.f.core.internal.command.DbMigrate      : Migrating schema "PUBLIC" to version "1.0.0 - H2"
2023-11-30 12:58:47.076  INFO 15876 --- [           main] o.f.core.internal.command.DbMigrate      : Successfully applied 1 migration to schema "PUBLIC", now at version v1.0.0 (execution time 00:00.057s)
2023-11-30 12:58:47.289  INFO 15876 --- [           main] o.hibernate.jpa.internal.util.LogHelper  : HHH000204: Processing PersistenceUnitInfo [name: default]
2023-11-30 12:58:47.425  INFO 15876 --- [           main] org.hibernate.Version                    : HHH000412: Hibernate ORM core version 5.6.4.Final
2023-11-30 12:58:47.734  INFO 15876 --- [           main] o.hibernate.annotations.common.Version   : HCANN000001: Hibernate Commons Annotations {5.1.2.Final}
2023-11-30 12:58:47.893  INFO 15876 --- [           main] org.hibernate.dialect.Dialect            : HHH000400: Using dialect: org.hibernate.dialect.H2Dialect
2023-11-30 12:58:48.526  INFO 15876 --- [           main] o.h.e.t.j.p.i.JtaPlatformInitiator       : HHH000490: Using JtaPlatform implementation: [org.hibernate.engine.transaction.jta.platform.internal.NoJtaPlatform]
2023-11-30 12:58:48.536  INFO 15876 --- [           main] j.LocalContainerEntityManagerFactoryBean : Initialized JPA EntityManagerFactory for persistence unit 'default'
2023-11-30 12:58:49.380  WARN 15876 --- [           main] JpaBaseConfiguration$JpaWebConfiguration : spring.jpa.open-in-view is enabled by default. Therefore, database queries may be performed during view rendering. Explicitly configure spring.jpa.open-in-view to disable this warning
2023-11-30 12:58:52.040  INFO 15876 --- [           main] o.s.b.w.embedded.tomcat.TomcatWebServer  : Tomcat started on port(s): 64682 (http) with context path ''
2023-11-30 12:58:52.054  INFO 15876 --- [           main] c.m.p.s.config.PricesControllerIT        : Started PricesControllerIT in 9.511 seconds (JVM running for 10.767)
2023-11-30 12:58:53.353  INFO 15876 --- [o-auto-1-exec-1] o.a.c.c.C.[Tomcat].[localhost].[/]       : Initializing Spring DispatcherServlet 'dispatcherServlet'
2023-11-30 12:58:53.353  INFO 15876 --- [o-auto-1-exec-1] o.s.web.servlet.DispatcherServlet        : Initializing Servlet 'dispatcherServlet'
2023-11-30 12:58:53.354  INFO 15876 --- [o-auto-1-exec-1] o.s.web.servlet.DispatcherServlet        : Completed initialization in 1 ms
2023-11-30 12:58:53.388 DEBUG 15876 --- [o-auto-1-exec-1] c.m.p.i.rest.controller.PropResource     : getPrices(date=2020-06-16T21:00,productId=35455,brandId=1)
2023-11-30 12:58:53.399 DEBUG 15876 --- [o-auto-1-exec-1] c.m.p.application.service.PriceService   : getPrice(2020-06-16T21:00, 35455, 1)
2023-11-30 12:58:53.399 DEBUG 15876 --- [o-auto-1-exec-1] c.m.p.i.h2.adapter.PriceH2Adapter        : findPrices(appDate=2020-06-16T21:00,productId=35455,brandId=1)
{
    "productId": 35455,
    "brandId": 1,
    "priceList": 4,
    "startDate": "2020-06-15T16:00:00",
    "endDate": "2020-12-31T23:59:59",
    "price": 38.95
}
]]></system-out>
  </testcase>
  <testcase name="givenProduct35455_Brand1_Date20200615_1000_thenPrice30" classname="com.microservice.prices.springboot.config.PricesControllerIT" time="0.08">
    <system-out><![CDATA[2023-11-30 12:58:54.145 DEBUG 15876 --- [o-auto-1-exec-2] c.m.p.i.rest.controller.PropResource     : getPrices(date=2020-06-15T10:00,productId=35455,brandId=1)
2023-11-30 12:58:54.145 DEBUG 15876 --- [o-auto-1-exec-2] c.m.p.application.service.PriceService   : getPrice(2020-06-15T10:00, 35455, 1)
2023-11-30 12:58:54.145 DEBUG 15876 --- [o-auto-1-exec-2] c.m.p.i.h2.adapter.PriceH2Adapter        : findPrices(appDate=2020-06-15T10:00,productId=35455,brandId=1)
{
    "productId": 35455,
    "brandId": 1,
    "priceList": 3,
    "startDate": "2020-06-15T00:00:00",
    "endDate": "2020-06-15T11:00:00",
    "price": 30.5
}
]]></system-out>
  </testcase>
  <testcase name="givenProduct35455_Brand1_Date20200614_1000_thenPrice35" classname="com.microservice.prices.springboot.config.PricesControllerIT" time="0.101">
    <system-out><![CDATA[2023-11-30 12:58:54.229 DEBUG 15876 --- [o-auto-1-exec-3] c.m.p.i.rest.controller.PropResource     : getPrices(date=2020-06-14T10:00,productId=35455,brandId=1)
2023-11-30 12:58:54.230 DEBUG 15876 --- [o-auto-1-exec-3] c.m.p.application.service.PriceService   : getPrice(2020-06-14T10:00, 35455, 1)
2023-11-30 12:58:54.230 DEBUG 15876 --- [o-auto-1-exec-3] c.m.p.i.h2.adapter.PriceH2Adapter        : findPrices(appDate=2020-06-14T10:00,productId=35455,brandId=1)
{
    "productId": 35455,
    "brandId": 1,
    "priceList": 1,
    "startDate": "2020-06-14T00:00:00",
    "endDate": "2020-12-31T23:59:59",
    "price": 35.5
}
]]></system-out>
  </testcase>
  <testcase name="givenProduct35455_Brand1_Date20200614_1600_thenPrice25" classname="com.microservice.prices.springboot.config.PricesControllerIT" time="0.088">
    <system-out><![CDATA[2023-11-30 12:58:54.327 DEBUG 15876 --- [o-auto-1-exec-4] c.m.p.i.rest.controller.PropResource     : getPrices(date=2020-06-14T16:00,productId=35455,brandId=1)
2023-11-30 12:58:54.328 DEBUG 15876 --- [o-auto-1-exec-4] c.m.p.application.service.PriceService   : getPrice(2020-06-14T16:00, 35455, 1)
2023-11-30 12:58:54.328 DEBUG 15876 --- [o-auto-1-exec-4] c.m.p.i.h2.adapter.PriceH2Adapter        : findPrices(appDate=2020-06-14T16:00,productId=35455,brandId=1)
{
    "productId": 35455,
    "brandId": 1,
    "priceList": 2,
    "startDate": "2020-06-14T15:00:00",
    "endDate": "2020-06-14T18:30:00",
    "price": 25.45
}
]]></system-out>
  </testcase>
  <testcase name="givenProduct35455_Brand1_Date20200614_2100_thenPrice35" classname="com.microservice.prices.springboot.config.PricesControllerIT" time="0.072">
    <system-out><![CDATA[2023-11-30 12:58:54.415 DEBUG 15876 --- [o-auto-1-exec-5] c.m.p.i.rest.controller.PropResource     : getPrices(date=2020-06-14T21:00,productId=35455,brandId=1)
2023-11-30 12:58:54.416 DEBUG 15876 --- [o-auto-1-exec-5] c.m.p.application.service.PriceService   : getPrice(2020-06-14T21:00, 35455, 1)
2023-11-30 12:58:54.416 DEBUG 15876 --- [o-auto-1-exec-5] c.m.p.i.h2.adapter.PriceH2Adapter        : findPrices(appDate=2020-06-14T21:00,productId=35455,brandId=1)
{
    "productId": 35455,
    "brandId": 1,
    "priceList": 1,
    "startDate": "2020-06-14T00:00:00",
    "endDate": "2020-12-31T23:59:59",
    "price": 35.5
}
]]></system-out>
  </testcase>
</testsuite>